<?xml version="1.0" encoding="UTF-8"?>
<!-- Generated by org.testng.reporters.JUnitReportReporter -->
<testsuite hostname="LIN-5CG134B0LH" failures="0" tests="3" name="Assessmentquestionone.AssessmentApiQuestion" time="7.517" errors="0" timestamp="2024-05-07T14:34:28 IST" skipped="0">
  <testcase classname="Assessmentquestionone.AssessmentApiQuestion" name="createUserUsingPojoClass" time="1.903"/>
  <system-out/>
  <testcase classname="Assessmentquestionone.AssessmentApiQuestion" name="createUserWithHashMap" time="1.726"/>
  <system-out/>
  <testcase classname="Assessmentquestionone.AssessmentApiQuestion" name="createUserUsingJsonFileData" time="3.888"/>
  <system-out/>
</testsuite> <!-- Assessmentquestionone.AssessmentApiQuestion -->
