<?xml version="1.0" encoding="UTF-8"?>
<!-- Generated by org.testng.reporters.JUnitReportReporter -->
<testsuite hostname="LIN-5CG134B0LH" failures="0" tests="1" name="Assessmentquestionone.Hashmap" time="3.104" errors="0" timestamp="2024-05-07T13:58:47 IST" skipped="0">
  <testcase classname="Assessmentquestionone.Hashmap" name="createUserWithHashMap" time="3.104"/>
  <system-out/>
</testsuite> <!-- Assessmentquestionone.Hashmap -->
