<?xml version="1.0" encoding="UTF-8"?>
<!-- Generated by org.testng.reporters.JUnitReportReporter -->
<testsuite hostname="LIN-5CG134B0LH" failures="0" tests="1" name="TestNG.Test.Day2" time="0.001" errors="0" timestamp="2024-04-03T16:59:48 IST" skipped="0">
  <testcase classname="TestNG.Test.Day2" name="ploan" time="0.001"/>
  <system-out/>
</testsuite> <!-- TestNG.Test.Day2 -->
