<?xml version="1.0" encoding="UTF-8"?>
<!-- Generated by org.testng.reporters.JUnitReportReporter -->
<testsuite hostname="LIN-5CG134B0LH" failures="0" tests="1" name="Section17.PS1" time="0.000" errors="0" timestamp="2024-04-03T16:59:48 IST" skipped="0">
  <testcase classname="Section17.PS1" name="testRun" time="0.000"/>
  <system-out/>
</testsuite> <!-- Section17.PS1 -->
